2025-01-01 10:57:31 [INFO] [N/A] [general]: New user registered!
2025-01-01 10:58:25 [INFO] [N/A] [general]: New user registered!
2025-01-01 10:58:37 [INFO] [N/A] [general]: New user registered!
2025-01-01 11:13:46 [INFO] [db]: New user created!
2025-01-01 11:14:14 [INFO] [user]: New user created!

        2025-01-01 11:23:10 
        [INFO] 
        [undefined] 
        [user]: New user created!
        
2025-01-01 11:23:48 [INFO] [undefined] [user]: New user created!
2025-01-01 11:59:51 [INFO] [register]: {"userId":"76aa173b-200a-46b0-bd2d-1492e49200d2","event":"register","message":"Succesful"}
2025-01-01 12:03:24 [INFO] [register]: Succesful
2025-01-01 12:04:23 [INFO] [register]: {"userId":"9a997e60-2972-4f7b-9928-6d99383615ec","event":"register","message":"Succesful"}
2025-01-01 12:05:57 [INFO] [register]: {"userId":"bbcf7272-dde4-430f-b24b-eecf0b9c296d","event":"register","message":"Succesful"}
2025-01-01 12:14:09 [INFO] [register]: {"ip":"::1","userId":"456bd0d1-9b42-4636-9246-190759e9673b","event":"register","message":"Succesful"}
2025-01-01 12:17:14 [INFO] [register]: {"ip":"::1","userId":"5da1fb29-7435-4662-8d37-7d6429fb8e42","event":"register","message":"Succesful"}
2025-01-01 14:45:39 [INFO] [register]: {"ip":"::1","userId":"5a35c46e-61b5-4c0c-b8ec-4e37b262fd05","event":"register","message":"Succesful"}
2025-01-01 15:31:24 [INFO] [register]: {"ip":"::1","userId":"aaN174","event":"register","message":"Succesful"}
2025-01-01 15:46:58 [INFO] [register]: {"ip":"::1","email":"imananuar5367@gmail.com","event":"register","message":"User already exists"}
2025-01-01 15:47:33 [ERROR] [register]: {"ip":"::1","email":"imananuar5367@gmail.com","event":"register","message":"User already exists"}
2025-01-01 15:47:53 [ERROR] [register]: {"ip":"::1","email":"imananuar5367@gmail.com","event":"register","message":"User already exists"}
