2025-01-01 15:47:53 [ERROR] [register]: {"ip":"::1","email":"imananuar5367@gmail.com","event":"register","message":"User already exists"}
2025-01-01 16:02:17 [INFO] [register]: {"ip":"::1","userId":"5uZBUB","event":"register","message":"Succesful"}
2025-01-01 16:25:02 [ERROR] [register]: {"ip":"::1","email":"imananuar5367@gmail.com","event":"register","message":"User already exists"}
2025-01-01 16:49:27 [INFO] [register]: {"ip":"::1","userId":"qQQPv0","event":"register","message":"Succesful"}
2025-01-01 16:49:45 [ERROR] [register]: {"ip":"::1","email":"imananuar5367@gmail.com","event":"register","message":"User already exists"}
2025-01-01 16:54:30 [INFO] [register]: {"ip":"::1","userId":"q10cDi","event":"register","message":"Succesful"}
2025-01-03 22:22:59 [ERROR] [register]: {"ip":"::1","email":"nuramalinaisyah@gmail.com","event":"register","message":"User already exists"}
2025-01-03 22:23:08 [ERROR] [register]: {"ip":"::1","email":"nuramalinaisyah@gmail.com","event":"register","message":"User already exists"}
2025-01-03 22:24:22 [ERROR] [register]: {"ip":"::1","email":"nuramalinaisyah@gmail.com","event":"register","message":"User already exists"}
2025-01-03 22:24:22 [ERROR] [register]: {"ip":"::1","email":"nuramalinaisyah@gmail.com","event":"register","message":"User already exists"}
2025-01-03 22:24:22 [ERROR] [register]: {"ip":"::1","email":"nuramalinaisyah@gmail.com","event":"register","message":"User already exists"}
2025-01-03 22:24:22 [ERROR] [register]: {"ip":"::1","email":"nuramalinaisyah@gmail.com","event":"register","message":"User already exists"}
2025-01-03 22:24:22 [ERROR] [register]: {"ip":"::1","email":"nuramalinaisyah@gmail.com","event":"register","message":"User already exists"}
2025-01-03 22:25:17 [ERROR] [register]: {"ip":"::1","email":"nuramalinaisyah@gmail.com","event":"register","message":"User already exists"}
2025-01-03 22:26:07 [INFO] [register]: {"ip":"::1","userId":"awEUOg","event":"register","message":"Succesful"}
2025-01-03 23:09:11 [INFO] [register]: {"ip":"::1","userId":"RR8zAY","event":"register","message":"Succesful"}
2025-01-03 23:09:22 [INFO] [register]: {"ip":"::1","userId":"VnDLyh","event":"register","message":"Succesful"}
2025-01-03 23:09:53 [ERROR] [register]: {"ip":"::1","email":"imananuar5367@gmail.com","event":"register","message":"User already exists"}
2025-01-03 23:17:38 [ERROR] [register]: {"ip":"::1","email":"imananuar5367@gmail.com","event":"register","message":"User already exists"}
2025-01-03 23:17:51 [ERROR] [register]: {"ip":"::1","email":"imananuar5367@gmail.com","event":"register","message":"User already exists"}
2025-01-03 23:18:31 [ERROR] [register]: {"ip":"::1","email":"imananuar5367@gmail.com","event":"register","message":"User already exists"}
2025-01-03 23:20:21 [ERROR] [register]: {"ip":"::1","email":"imananuar5367@gmail.com","event":"register","message":"User already exists"}
2025-01-03 23:20:22 [ERROR] [register]: {"ip":"::1","email":"imananuar5367@gmail.com","event":"register","message":"User already exists"}
2025-01-03 23:23:24 [ERROR] [register]: {"ip":"::1","email":"imananuar5367@gmail.com","event":"register","message":"User already exists"}
2025-01-03 23:24:00 [ERROR] [register]: {"ip":"::1","email":"imananuar5367@gmail.com","event":"register","message":"User already exists"}
2025-01-03 23:24:28 [ERROR] [register]: {"ip":"::1","email":"imananuar5367@gmail.com","event":"register","message":"User already exists"}
2025-01-04 00:24:13 [INFO] [register]: {"ip":"::1","userId":"oLIrvt","event":"register","message":"Succesful"}
2025-01-04 00:24:21 [INFO] [register]: {"ip":"::1","userId":"CsKbpF","event":"register","message":"Succesful"}
2025-01-04 00:24:24 [ERROR] [register]: {"ip":"::1","email":"imananuar5367@gmail.com","event":"register","message":"User already exists"}
